<?xml version="1.0" encoding="UTF-8"?>
<!-- Generated by org.testng.reporters.JUnitReportReporter -->
<testsuite skipped="0" hostname="LAPTOP-R7SQEIKM" name="org.assure.NewTest" tests="2" failures="0" timestamp="23 Jun 2022 02:39:54 GMT" time="0.031" errors="0">
  <testcase name="tc02" time="0.015" classname="org.assure.NewTest"/>
  <testcase name="tc01" time="0.016" classname="org.assure.NewTest"/>
</testsuite> <!-- org.assure.NewTest -->
