<?xml version="1.0" encoding="UTF-8"?>
<!-- Generated by org.testng.reporters.JUnitReportReporter -->
<testsuite skipped="0" hostname="LAPTOP-R7SQEIKM" name="org.assure.NewTest1" tests="1" failures="0" timestamp="23 Jun 2022 02:52:06 GMT" time="6.269" errors="0">
  <testcase name="f" time="6.269" classname="org.assure.NewTest1"/>
</testsuite> <!-- org.assure.NewTest1 -->
